<?xml version="1.0" encoding="UTF-8"?>
<!-- Generated by org.testng.reporters.JUnitXMLReporter -->
<testsuite ignored="0" hostname="DESKTOP-R3IULL6" failures="1" tests="1" name="export" time="22.432" errors="0" timestamp="16 Apr 2021 23:59:59 GMT">
  <testcase classname="testautomation.testing.Export" name="export" time="21.845">
    <failure type="java.lang.AssertionError" message="null">
      <![CDATA[java.lang.AssertionError: null
at Utilities.SeleniumDriver.waitForElement(SeleniumDriver.java:65)
at PageObjects.Explore.<init>(Explore.java:48)
at testautomation.testing.Export.export(Export.java:19)
... Removed 31 stack frames]]>
    </failure>
  </testcase> <!-- export -->
</testsuite> <!-- export -->
