<?xml version="1.0" encoding="UTF-8"?>
<!-- Generated by org.testng.reporters.JUnitXMLReporter -->
<testsuite ignored="0" hostname="DESKTOP-R3IULL6" failures="1" tests="2" name="search" time="105.719" errors="0" timestamp="17 Apr 2021 21:00:05 GMT">
  <testcase classname="testautomation.testing.AppTest" name="test" time="78.042"/>
  <testcase classname="testautomation.testing.AppTest" name="export" time="22.624">
    <failure type="java.lang.AssertionError" message="null">
      <![CDATA[java.lang.AssertionError: null
at Utilities.SeleniumDriver.waitForElementXpath(SeleniumDriver.java:78)
at PageObjects.Explore.<init>(Explore.java:55)
at testautomation.testing.AppTest.export(AppTest.java:36)
... Removed 31 stack frames]]>
    </failure>
  </testcase> <!-- export -->
</testsuite> <!-- search -->
