<?xml version="1.0" encoding="UTF-8"?>
<testng-results ignored="0" total="2" passed="1" failed="1" skipped="0">
  <reporter-output>
  </reporter-output>
  <suite started-at="2021-04-17T20:58:19Z" name="Keyword Planner Volume" finished-at="2021-04-17T21:00:05Z" duration-ms="105719">
    <groups>
    </groups>
    <test started-at="2021-04-17T20:58:19Z" name="search" finished-at="2021-04-17T21:00:05Z" duration-ms="105719">
      <class name="testautomation.testing.AppTest">
        <test-method is-config="true" signature="suiteSetup()[pri:0, instance:testautomation.testing.AppTest@1fdca564]" started-at="2021-04-17T20:58:19Z" name="suiteSetup" finished-at="2021-04-17T20:58:19Z" duration-ms="717" status="PASS">
          <reporter-output>
          </reporter-output>
        </test-method> <!-- suiteSetup -->
        <test-method signature="test(java.lang.String)[pri:1, instance:testautomation.testing.AppTest@1fdca564]" started-at="2021-04-17T20:58:19Z" name="test" finished-at="2021-04-17T20:59:37Z" duration-ms="78042" status="PASS">
          <params>
            <param index="0">
              <value>
                <![CDATA[Money]]>
              </value>
            </param>
          </params>
          <reporter-output>
          </reporter-output>
        </test-method> <!-- test -->
        <test-method signature="export()[pri:2, instance:testautomation.testing.AppTest@1fdca564]" started-at="2021-04-17T20:59:42Z" name="export" finished-at="2021-04-17T21:00:05Z" duration-ms="22624" status="FAIL">
          <exception class="java.lang.AssertionError">
            <message>
              <![CDATA[null]]>
            </message>
            <full-stacktrace>
              <![CDATA[java.lang.AssertionError: null
at org.testng.Assert.fail(Assert.java:96)
at org.testng.Assert.fail(Assert.java:103)
at Utilities.SeleniumDriver.waitForElementXpath(SeleniumDriver.java:78)
at PageObjects.Explore.<init>(Explore.java:55)
at testautomation.testing.AppTest.export(AppTest.java:36)
at java.base/jdk.internal.reflect.NativeMethodAccessorImpl.invoke0(Native Method)
at java.base/jdk.internal.reflect.NativeMethodAccessorImpl.invoke(NativeMethodAccessorImpl.java:62)
at java.base/jdk.internal.reflect.DelegatingMethodAccessorImpl.invoke(DelegatingMethodAccessorImpl.java:43)
at java.base/java.lang.reflect.Method.invoke(Method.java:566)
at org.testng.internal.MethodInvocationHelper.invokeMethod(MethodInvocationHelper.java:124)
at org.testng.internal.Invoker.invokeMethod(Invoker.java:583)
at org.testng.internal.Invoker.invokeTestMethod(Invoker.java:719)
at org.testng.internal.Invoker.invokeTestMethods(Invoker.java:989)
at org.testng.internal.TestMethodWorker.invokeTestMethods(TestMethodWorker.java:125)
at org.testng.internal.TestMethodWorker.run(TestMethodWorker.java:109)
at org.testng.TestRunner.privateRun(TestRunner.java:648)
at org.testng.TestRunner.run(TestRunner.java:505)
at org.testng.SuiteRunner.runTest(SuiteRunner.java:455)
at org.testng.SuiteRunner.runSequentially(SuiteRunner.java:450)
at org.testng.SuiteRunner.privateRun(SuiteRunner.java:415)
at org.testng.SuiteRunner.run(SuiteRunner.java:364)
at org.testng.SuiteRunnerWorker.runSuite(SuiteRunnerWorker.java:52)
at org.testng.SuiteRunnerWorker.run(SuiteRunnerWorker.java:84)
at org.testng.TestNG.runSuitesSequentially(TestNG.java:1208)
at org.testng.TestNG.runSuitesLocally(TestNG.java:1137)
at org.testng.TestNG.runSuites(TestNG.java:1049)
at org.testng.TestNG.run(TestNG.java:1017)
at org.apache.maven.surefire.testng.TestNGExecutor.run(TestNGExecutor.java:283)
at org.apache.maven.surefire.testng.TestNGXmlTestSuite.execute(TestNGXmlTestSuite.java:75)
at org.apache.maven.surefire.testng.TestNGProvider.invoke(TestNGProvider.java:120)
at org.apache.maven.surefire.booter.ForkedBooter.invokeProviderInSameClassLoader(ForkedBooter.java:384)
at org.apache.maven.surefire.booter.ForkedBooter.runSuitesInProcess(ForkedBooter.java:345)
at org.apache.maven.surefire.booter.ForkedBooter.execute(ForkedBooter.java:126)
at org.apache.maven.surefire.booter.ForkedBooter.main(ForkedBooter.java:418)
]]>
            </full-stacktrace>
          </exception> <!-- java.lang.AssertionError -->
          <reporter-output>
          </reporter-output>
        </test-method> <!-- export -->
        <test-method is-config="true" signature="teardown()[pri:0, instance:testautomation.testing.AppTest@1fdca564]" started-at="2021-04-17T21:00:05Z" name="teardown" finished-at="2021-04-17T21:00:06Z" duration-ms="642" status="PASS">
          <reporter-output>
          </reporter-output>
        </test-method> <!-- teardown -->
      </class> <!-- testautomation.testing.AppTest -->
    </test> <!-- search -->
  </suite> <!-- Keyword Planner Volume -->
</testng-results>
